<?xml version="1.0" encoding="UTF-8"?>
<!-- Generated by org.testng.reporters.JUnitReportReporter -->
<testsuite hostname="IM-LP-1784" failures="1" tests="3" name="com.aia.projects.abi.testcases.LoginTest" time="37.079" errors="1" timestamp="2023-09-17T08:13:15 IST" skipped="1">
  <testcase classname="com.aia.projects.abi.testcases.LoginTest" name="TC_LoginFailWithEmailNull" time="21.944">
    <skipped/>
  </testcase> <!-- TC_LoginFailWithEmailNull -->
  <testcase classname="com.aia.projects.abi.testcases.LoginTest" name="TC_LoginFailWithEmailNull" time="15.135">
    <failure message="Login page is NOT displayedBy.xpath: //h1[normalize-space() = &#039;Login to your account.&#039;]" type="java.lang.AssertionError">
      <![CDATA[java.lang.AssertionError: Login page is NOT displayedBy.xpath: //h1[normalize-space() = 'Login to your account.']
at org.testng.Assert.fail(Assert.java:111)
at com.innomind.keywords.WebUI.verifyElementVisible(WebUI.java:1435)
at com.innomind.projects.aia.pages.SignIn.LoginPageABI.openLoginPage(LoginPageABI.java:29)
at com.aia.projects.abi.testcases.LoginTest.TC_LoginFailWithEmailNull(LoginTest.java:36)
at java.base/jdk.internal.reflect.NativeMethodAccessorImpl.invoke0(Native Method)
at java.base/jdk.internal.reflect.NativeMethodAccessorImpl.invoke(NativeMethodAccessorImpl.java:77)
at java.base/jdk.internal.reflect.DelegatingMethodAccessorImpl.invoke(DelegatingMethodAccessorImpl.java:43)
at java.base/java.lang.reflect.Method.invoke(Method.java:568)
at org.testng.internal.invokers.MethodInvocationHelper.invokeMethod(MethodInvocationHelper.java:139)
at org.testng.internal.invokers.TestInvoker.invokeMethod(TestInvoker.java:664)
at org.testng.internal.invokers.TestInvoker.retryFailed(TestInvoker.java:248)
at org.testng.internal.invokers.MethodRunner.runInSequence(MethodRunner.java:62)
at org.testng.internal.invokers.TestInvoker$MethodInvocationAgent.invoke(TestInvoker.java:957)
at org.testng.internal.invokers.TestInvoker.invokeTestMethods(TestInvoker.java:200)
at org.testng.internal.invokers.TestMethodWorker.invokeTestMethods(TestMethodWorker.java:148)
at org.testng.internal.invokers.TestMethodWorker.run(TestMethodWorker.java:128)
at java.base/java.util.concurrent.ThreadPoolExecutor.runWorker(ThreadPoolExecutor.java:1136)
at java.base/java.util.concurrent.ThreadPoolExecutor$Worker.run(ThreadPoolExecutor.java:635)
at java.base/java.lang.Thread.run(Thread.java:833)
]]>
    </failure>
  </testcase> <!-- TC_LoginFailWithEmailNull -->
  <testcase classname="com.aia.projects.abi.testcases.LoginTest" name="TC_LoginFailWithEmailDoesNotExist" time="0.000">
    <error message="
Cannot inject @Test annotated Method [TC_LoginFailWithEmailDoesNotExist] with [class java.lang.String, class java.lang.String].
For more information on native dependency injection please refer to https://testng.org/doc/documentation-main.html#native-dependency-injection" type="org.testng.TestNGException">
      <![CDATA[org.testng.TestNGException: 
Cannot inject @Test annotated Method [TC_LoginFailWithEmailDoesNotExist] with [class java.lang.String, class java.lang.String].
For more information on native dependency injection please refer to https://testng.org/doc/documentation-main.html#native-dependency-injection
at org.testng.internal.Parameters.checkParameterTypes(Parameters.java:436)
at org.testng.internal.Parameters.createParametersForMethod(Parameters.java:350)
at org.testng.internal.Parameters.createParameters(Parameters.java:693)
at org.testng.internal.Parameters.handleParameters(Parameters.java:879)
at org.testng.internal.Parameters.handleParameters(Parameters.java:728)
at org.testng.internal.invokers.ParameterHandler.handleParameters(ParameterHandler.java:72)
at org.testng.internal.invokers.ParameterHandler.createParameters(ParameterHandler.java:51)
at org.testng.internal.invokers.TestInvoker$MethodInvocationAgent.invoke(TestInvoker.java:911)
at org.testng.internal.invokers.TestInvoker.invokeTestMethods(TestInvoker.java:200)
at org.testng.internal.invokers.TestMethodWorker.invokeTestMethods(TestMethodWorker.java:148)
at org.testng.internal.invokers.TestMethodWorker.run(TestMethodWorker.java:128)
at java.base/java.util.concurrent.ThreadPoolExecutor.runWorker(ThreadPoolExecutor.java:1136)
at java.base/java.util.concurrent.ThreadPoolExecutor$Worker.run(ThreadPoolExecutor.java:635)
at java.base/java.lang.Thread.run(Thread.java:833)
]]>
    </error>
  </testcase> <!-- TC_LoginFailWithEmailDoesNotExist -->
</testsuite> <!-- com.aia.projects.abi.testcases.LoginTest -->
